sim_ms: 300.0, num_steps: 3000
device: cuda
weights: torch.Size([138639, 138639]), nnz=15091983 (1.5s)

=== run 1/10 (seed base 30000) ===
  compiled 4 proto + 4 behavior codebooks in 24.6s
  proto codebook: off-diag cos mean 0.000, max 0.001
  16 scenarios in 60.6s; correct 16/16

=== run 2/10 (seed base 31000) ===
  compiled 4 proto + 4 behavior codebooks in 24.5s
  proto codebook: off-diag cos mean 0.003, max 0.011
  16 scenarios in 61.1s; correct 16/16

=== run 3/10 (seed base 32000) ===
  compiled 4 proto + 4 behavior codebooks in 24.6s
  proto codebook: off-diag cos mean 0.008, max 0.020
  16 scenarios in 61.4s; correct 16/16

=== run 4/10 (seed base 33000) ===
  compiled 4 proto + 4 behavior codebooks in 24.5s
  proto codebook: off-diag cos mean 0.004, max 0.016
  16 scenarios in 61.1s; correct 15/16

=== run 5/10 (seed base 34000) ===
  compiled 4 proto + 4 behavior codebooks in 24.4s
  proto codebook: off-diag cos mean 0.112, max 0.661
  16 scenarios in 61.3s; correct 15/16

=== run 6/10 (seed base 35000) ===
  compiled 4 proto + 4 behavior codebooks in 24.5s
  proto codebook: off-diag cos mean 0.007, max 0.014
  16 scenarios in 61.1s; correct 16/16

=== run 7/10 (seed base 36000) ===
  compiled 4 proto + 4 behavior codebooks in 24.5s
  proto codebook: off-diag cos mean 0.003, max 0.012
  16 scenarios in 61.4s; correct 14/16

=== run 8/10 (seed base 37000) ===
  compiled 4 proto + 4 behavior codebooks in 24.5s
  proto codebook: off-diag cos mean 0.164, max 0.975
  16 scenarios in 61.3s; correct 9/16

=== run 9/10 (seed base 38000) ===
  compiled 4 proto + 4 behavior codebooks in 24.5s
  proto codebook: off-diag cos mean 0.000, max 0.000
  16 scenarios in 61.2s; correct 16/16

=== run 10/10 (seed base 39000) ===
  compiled 4 proto + 4 behavior codebooks in 24.5s
  proto codebook: off-diag cos mean 0.001, max 0.004
  16 scenarios in 61.2s; correct 16/16

=== AGGREGATE (n=10) ===
  overall: 149/160 (93.1%)
  per-run acc: mean 0.931, std 0.129
  per-program:
    A: 38/40 (95.0%)
    B: 36/40 (90.0%)
    C: 39/40 (97.5%)
    D: 36/40 (90.0%)
