==============================================================================
Substrate: facebook/esm2_t6_8M_UR50D  (expected dim 320)
==============================================================================
  embedding 84 protein sequences via facebook/esm2_t6_8M_UR50D (no cache, ~30MB model download on first call)...
Warning: You are sending unauthenticated requests to the HF Hub. Please set a HF_TOKEN to enable higher rate limits and faster downloads.
Loading weights:   0%|          | 0/107 [00:00<?, ?it/s]Loading weights: 100%|##########| 107/107 [00:00<00:00, 5717.44it/s]
[1mEsmModel LOAD REPORT[0m from: facebook/esm2_t6_8M_UR50D
Key                         | Status     | 
----------------------------+------------+-
lm_head.dense.bias          | UNEXPECTED | 
lm_head.bias                | UNEXPECTED | 
lm_head.dense.weight        | UNEXPECTED | 
lm_head.layer_norm.bias     | UNEXPECTED | 
lm_head.layer_norm.weight   | UNEXPECTED | 
esm.embeddings.position_ids | UNEXPECTED | 
pooler.dense.weight         | MISSING    | 
pooler.dense.bias           | MISSING    | 

Notes:
- UNEXPECTED:	can be ignored when loading from different task/architecture; not ok if you expect identical arch.
- MISSING:	those params were newly initialized because missing from the checkpoint. Consider training on your downstream task.
    20/84  (37s elapsed)
    40/84  (38s elapsed)
    60/84  (38s elapsed)
    80/84  (38s elapsed)
  done in 38.3s, cached to esm2-t6-8m_6e157f097033d7bc.npz
  shape=(84, 320)

   k  rotation acc  rot signal  hadamard acc  had signal
----------------------------------------------------------------------
   2       100.0%     +0.7133        75.0%     +0.4695
   4       100.0%     +0.5009        50.0%     +0.3232
   8       100.0%     +0.3489        28.7%     +0.2574
  16        90.6%     +0.2523        16.2%     +0.1849
  24        77.1%     +0.2050        11.2%     +0.1712
  32        61.9%     +0.1738         6.2%     +0.1413
  48        44.2%     +0.1426         4.2%     +0.1171

Total time: 35.3s
Results written to C:\Users\Immanuelle\Documents\Github\SutraRNN\experiments\rotation_binding_capacity_bioinformatics_results.json
