
==============================================================================
Substrate: nomic-embed-text
==============================================================================
  cache hit: nomic-embed-text_4942d6da8aa784ef.npz
  shape=(84, 768)

bundle_width=4 distractors per cycle, trials=20

chain     raw cos    raw acc    snap cos   snap acc
------------------------------------------------------------
    1     +0.4998     100.0%     +1.0000     100.0%
    2     +0.2399     100.0%     +0.1238      10.0%
    4     +0.0596      20.0%     -0.0143       0.0%
    8     +0.0066       0.0%     -0.0202       0.0%
   16     +0.0089       0.0%     -0.0240       0.0%
   32     +0.0049       0.0%     -0.0091       0.0%

==============================================================================
Substrate: all-minilm
==============================================================================
  cache hit: all-minilm_4942d6da8aa784ef.npz
  shape=(84, 384)

bundle_width=4 distractors per cycle, trials=20

chain     raw cos    raw acc    snap cos   snap acc
------------------------------------------------------------
    1     +0.4944     100.0%     +1.0000     100.0%
    2     +0.2631     100.0%     +0.3399       0.0%
    4     +0.0503       5.0%     +0.2968       0.0%
    8     -0.0170       0.0%     +0.3419       5.0%
   16     +0.0068       5.0%     +0.3129       0.0%
   32     -0.0113       0.0%     +0.3884       5.0%

==============================================================================
Substrate: mxbai-embed-large
==============================================================================
  cache hit: mxbai-embed-large_4942d6da8aa784ef.npz
  shape=(84, 1024)

bundle_width=4 distractors per cycle, trials=20

chain     raw cos    raw acc    snap cos   snap acc
------------------------------------------------------------
    1     +0.5025     100.0%     +1.0000     100.0%
    2     +0.2548     100.0%     +0.5757       0.0%
    4     +0.0606       5.0%     +0.5766       0.0%
    8     +0.0050       0.0%     +0.5735       0.0%
   16     -0.0011       0.0%     +0.5518       0.0%
   32     +0.0026       0.0%     +0.5547       0.0%

==============================================================================
Total time: 3592.2s
Results written to C:\Users\Immanuelle\Documents\Github\SutraRNN\experiments\crosstalk_chain_results.json
